build/app/outputs/mapping/release/mapping.txt
# compiler: R8
# compiler_version: 1.5.64
# min_api: 16
# pg_map_id: 14b032a
...
androidx.core.content.ContextCompat -> a.c.a.a:
    int checkSelfPermission(android.content.Context,java.lang.String) -> a
    java.io.File[] getExternalCacheDirs(android.content.Context) -> a
    java.io.File[] getExternalFilesDirs(android.content.Context,java.lang.String) -> b
androidx.core.content.FileProvider -> a.c.a.b:
    java.io.File DEVICE_ROOT -> c
    androidx.core.content.FileProvider$PathStrategy mStrategy -> a
    java.util.HashMap sCache -> d
    java.lang.String[] COLUMNS -> b
    java.io.File buildPath(java.io.File,java.lang.String[]) -> a
    java.lang.Object[] copyOf(java.lang.Object[],int) -> a
    java.lang.String[] copyOf(java.lang.String[],int) -> a
    androidx.core.content.FileProvider$PathStrategy getPathStrategy(android.content.Context,java.lang.String) -> a
    android.net.Uri getUriForFile(android.content.Context,java.lang.String,java.io.File) -> a
    int modeToMode(java.lang.String) -> a
    androidx.core.content.FileProvider$PathStrategy parsePathStrategy(android.content.Context,java.lang.String) -> b
androidx.core.content.FileProvider$PathStrategy -> a.c.a.b$a:
    java.io.File getFileForUri(android.net.Uri) -> a
    android.net.Uri getUriForFile(java.io.File) -> a
androidx.core.content.FileProvider$SimplePathStrategy -> a.c.a.b$b:
    java.util.HashMap mRoots -> b
    java.lang.String mAuthority -> a
    void addRoot(java.lang.String,java.io.File) -> a
    java.io.File getFileForUri(android.net.Uri) -> a
    android.net.Uri getUriForFile(java.io.File) -> a
androidx.core.graphics.drawable.IconCompat -> androidx.core.graphics.drawable.IconCompat:
    android.graphics.PorterDuff$Mode DEFAULT_TINT_MODE -> j
    java.lang.String mTintModeStr -> i
    android.graphics.PorterDuff$Mode mTintMode -> h
    android.os.Parcelable mParcelable -> d
    java.lang.Object mObj1 -> b
    int mInt2 -> f
    android.content.res.ColorStateList mTintList -> g
    int mInt1 -> e
    byte[] mData -> c
    int mType -> a
    int getResId() -> a
    int getResId(android.graphics.drawable.Icon) -> a
    void onPreParceling(boolean) -> a
    java.lang.String typeToString(int) -> a
    java.lang.String getResPackage() -> b
    java.lang.String getResPackage(android.graphics.drawable.Icon) -> b
    void onPostParceling() -> c
androidx.core.view.KeyEventDispatcher$Component -> a.c.b.a:
androidx.exifinterface.media.ExifInterface -> a.d.a.a:
    androidx.exifinterface.media.ExifInterface$ExifTag[] IFD_TIFF_TAGS -> T
    int mThumbnailLength -> l
    androidx.exifinterface.media.ExifInterface$ExifTag[] ORF_IMAGE_PROCESSING_TAGS -> b0
    androidx.exifinterface.media.ExifInterface$ExifTag JPEG_INTERCHANGE_FORMAT_LENGTH_TAG -> g0
    byte[] WEBP_CHUNK_TYPE_VP8L -> L
    int[] IFD_FORMAT_BYTES_PER_FORMAT -> R
    boolean mHasThumbnail -> i
    byte[] mThumbnailBytes -> m
    int mMimeType -> d
    byte[] HEIF_BRAND_MIF1 -> y
    java.util.HashSet sTagSetForCompatibility -> j0
    androidx.exifinterface.media.ExifInterface$ExifTag[] IFD_THUMBNAIL_TAGS -> X
    java.util.Set mAttributesOffsets -> g
    java.nio.charset.Charset ASCII -> l0
    java.util.HashMap[] mAttributes -> f
    byte[] WEBP_SIGNATURE_1 -> G
    java.lang.String mFilename -> a
    byte[] PNG_SIGNATURE -> C
    int mOrfThumbnailOffset -> q
    int[] BITS_PER_SAMPLE_GREYSCALE_2 -> v
    androidx.exifinterface.media.ExifInterface$ExifTag[] IFD_EXIF_TAGS -> U
    boolean mAreThumbnailStripsConsecutive -> j
    byte[] WEBP_CHUNK_TYPE_VP8 -> M
    java.nio.ByteOrder mExifByteOrder -> h
    byte[] HEIF_BRAND_HEIC -> z
    androidx.exifinterface.media.ExifInterface$ExifTag TAG_RAF_IMAGE_SIZE -> Y
    java.util.HashMap[] sExifTagMapsForReading -> h0
    byte[] IDENTIFIER_XMP_APP1 -> n0
    android.content.res.AssetManager$AssetInputStream mAssetInputStream -> c
    byte[] WEBP_SIGNATURE_2 -> H
androidx.exifinterface.media.ExifInterface$1 -> a.d.a.a$a:
    long mPosition -> a
    androidx.exifinterface.media.ExifInterface$ByteOrderedDataInputStream val$in -> b